<?xml version="1.0" encoding="UTF-8"?>
<!-- Generated by org.testng.reporters.JUnitReportReporter -->
<testsuite hostname="DESKTOP-U2K6LOV" failures="0" tests="1" name="jenken_package.jenken_class$CreateTest" time="0.010" errors="0" timestamp="2022-09-30T15:48:11 IST" skipped="0">
  <testcase classname="jenken_package.jenken_class$CreateTest" name="Created" time="0.010"/>
  <system-out/>
</testsuite> <!-- jenken_package.jenken_class$CreateTest -->
